展開係数:Sketch Input"のロードに失敗しました。理由: (プログラムの) 依存関係が満たされませんでした。
依存関係:
  タイプ: executable
  場所: パス
  文字列: skconvert

展開係数:LaTeX formula"のロードに失敗しました。理由: (プログラムの) 依存関係が満たされませんでした。
依存関係:
  タイプ: executable
  場所: パス
  文字列: pstoedit

展開係数:DXF Output"のロードに失敗しました。理由: (プログラムの) 依存関係が満たされませんでした。
依存関係:
  タイプ: executable
  場所: パス
  文字列: pstoedit
  説明: 実行には pstoedit のインストールが必要です。http://www.pstoedit.net/pstoedit を参照してください。

展開係数:XFIG Input"のロードに失敗しました。理由: (プログラムの) 依存関係が満たされませんでした。
依存関係:
  タイプ: executable
  場所: パス
  文字列: fig2dev

